#
# There is insufficient memory for the Java Runtime Environment to continue.
# Native memory allocation (mmap) failed to map 30408704 bytes for G1 virtual space
# Possible reasons:
#   The system is out of physical RAM or swap space
#   The process is running with CompressedOops enabled, and the Java Heap may be blocking the growth of the native heap
# Possible solutions:
#   Reduce memory load on the system
#   Increase physical memory or swap space
#   Check if swap backing store is full
#   Decrease Java heap size (-Xmx/-Xms)
#   Decrease number of Java threads
#   Decrease Java thread stack sizes (-Xss)
#   Set larger code cache with -XX:ReservedCodeCacheSize=
#   JVM is running with Unscaled Compressed Oops mode in which the Java heap is
#     placed in the first 4GB address space. The Java Heap base address is the
#     maximum limit for the native heap growth. Please use -XX:HeapBaseMinAddress
#     to set the Java Heap base and to place the Java Heap above 4GB virtual address.
# This output file may be truncated or incomplete.
#
#  Out of Memory Error (os_windows.cpp:3548), pid=21444, tid=22000
#
# JRE version: Java(TM) SE Runtime Environment (17.0.11+7) (build 17.0.11+7-LTS-207)
# Java VM: Java HotSpot(TM) 64-Bit Server VM (17.0.11+7-LTS-207, mixed mode, sharing, tiered, compressed oops, compressed class ptrs, g1 gc, windows-amd64)
# No core dump will be written. Minidumps are not enabled by default on client versions of Windows
#

---------------  S U M M A R Y ------------

Command Line: --add-opens=java.base/java.lang=ALL-UNNAMED --add-opens=java.base/java.lang.invoke=ALL-UNNAMED --add-opens=java.base/java.util=ALL-UNNAMED --add-opens=java.prefs/java.util.prefs=ALL-UNNAMED --add-exports=jdk.compiler/com.sun.tools.javac.api=ALL-UNNAMED --add-exports=jdk.compiler/com.sun.tools.javac.util=ALL-UNNAMED --add-opens=java.base/java.util=ALL-UNNAMED --add-opens=java.prefs/java.util.prefs=ALL-UNNAMED --add-opens=java.base/java.nio.charset=ALL-UNNAMED --add-opens=java.base/java.net=ALL-UNNAMED --add-opens=java.base/java.util.concurrent.atomic=ALL-UNNAMED --add-opens=java.xml/javax.xml.namespace=ALL-UNNAMED -XX:MaxMetaspaceSize=512m -Xmx2048m -Dfile.encoding=windows-1252 -Duser.country=IN -Duser.language=en -Duser.variant -javaagent:C:\Users\DELL\.gradle\wrapper\dists\gradle-8.13-bin\5xuhj0ry160q40clulazy9h7d\gradle-8.13\lib\agents\gradle-instrumentation-agent-8.13.jar org.gradle.launcher.daemon.bootstrap.GradleDaemon 8.13

Host: Intel(R) Core(TM) i5-1035G1 CPU @ 1.00GHz, 8 cores, 7G,  Windows 11 , 64 bit Build 26100 (10.0.26100.6725)
Time: Mon Oct 13 13:47:42 2025 India Standard Time elapsed time: 35.505725 seconds (0d 0h 0m 35s)

---------------  T H R E A D  ---------------

Current thread (0x00000293749dff00):  VMThread "VM Thread" [stack: 0x000000d7b3500000,0x000000d7b3600000] [id=22000]

Stack: [0x000000d7b3500000,0x000000d7b3600000]
Native frames: (J=compiled Java code, j=interpreted, Vv=VM code, C=native code)
V  [jvm.dll+0x679cca]
V  [jvm.dll+0x7da13d]
V  [jvm.dll+0x7dba83]
V  [jvm.dll+0x7dc0f3]
V  [jvm.dll+0x2449af]
V  [jvm.dll+0x676ce9]
V  [jvm.dll+0x66b852]
V  [jvm.dll+0x3018d6]
V  [jvm.dll+0x308e76]
V  [jvm.dll+0x3596ee]
V  [jvm.dll+0x35991f]
V  [jvm.dll+0x2d89a8]
V  [jvm.dll+0x2d6ddd]
V  [jvm.dll+0x2d642c]
V  [jvm.dll+0x319f8b]
V  [jvm.dll+0x7e09eb]
V  [jvm.dll+0x7e1724]
V  [jvm.dll+0x7e1c3d]
V  [jvm.dll+0x7e2014]
V  [jvm.dll+0x7e20e0]
V  [jvm.dll+0x78a85a]
V  [jvm.dll+0x678bb5]
C  [ucrtbase.dll+0x37b0]
C  [KERNEL32.DLL+0x2e8d7]
C  [ntdll.dll+0x8c53c]

VM_Operation (0x000000d7b4cf3d30): G1CollectForAllocation, mode: safepoint, requested by thread 0x000002937a0b1bb0


---------------  P R O C E S S  ---------------

Threads class SMR info:
_java_thread_list=0x000002937c37fc10, length=65, elements={
0x00000293567f65f0, 0x00000293749e3460, 0x00000293749e3f30, 0x00000293749f8c50,
0x00000293749fb630, 0x00000293749fbf00, 0x00000293749fc7d0, 0x00000293749ff3e0,
0x0000029374a0f700, 0x0000029374a32030, 0x00000293749d0810, 0x0000029374d61a60,
0x0000029379f12020, 0x000002937942d9d0, 0x000002937957b030, 0x000002937a8b2360,
0x00000293796668e0, 0x000002937a0b3500, 0x000002937a0b1bb0, 0x000002937a0b16a0,
0x000002937a0b20c0, 0x000002937a0b4430, 0x000002937a0b3a10, 0x000002937a0b25d0,
0x000002937a0b2ae0, 0x000002937a0b3f20, 0x000002937a0b0c80, 0x000002937a0b1190,
0x000002937c87f6c0, 0x000002937c87d350, 0x000002937c880b00, 0x000002937c87eca0,
0x000002937c87fbd0, 0x000002937c87d860, 0x000002937c881520, 0x000002937c881a30,
0x000002937c87e280, 0x000002937c87f1b0, 0x000002937c881f40, 0x000002937c8800e0,
0x000002937c87e790, 0x000002937c882e70, 0x000002937c883890, 0x000002937c882450,
0x000002937c8847c0, 0x000002937c884cd0, 0x000002937c882960, 0x000002937c883da0,
0x000002937c8842b0, 0x000002937de04700, 0x000002937de04c10, 0x000002937de041f0,
0x000002937de05630, 0x000002937de032c0, 0x000002937de03ce0, 0x000002937de05b40,
0x000002937de05120, 0x000002937de06050, 0x000002937de037d0, 0x000002937de06560,
0x000002937de02db0, 0x000002937de06a70, 0x000002937de0a730, 0x000002937de09800,
0x000002937d8ab050
}

Java Threads: ( => current thread )
  0x00000293567f65f0 JavaThread "main" [_thread_blocked, id=10144, stack(0x000000d7b2f00000,0x000000d7b3000000)]
  0x00000293749e3460 JavaThread "Reference Handler" daemon [_thread_blocked, id=6712, stack(0x000000d7b3600000,0x000000d7b3700000)]
  0x00000293749e3f30 JavaThread "Finalizer" daemon [_thread_blocked, id=6916, stack(0x000000d7b3700000,0x000000d7b3800000)]
  0x00000293749f8c50 JavaThread "Signal Dispatcher" daemon [_thread_blocked, id=2320, stack(0x000000d7b3800000,0x000000d7b3900000)]
  0x00000293749fb630 JavaThread "Attach Listener" daemon [_thread_blocked, id=20596, stack(0x000000d7b3900000,0x000000d7b3a00000)]
  0x00000293749fbf00 JavaThread "Service Thread" daemon [_thread_blocked, id=7348, stack(0x000000d7b3a00000,0x000000d7b3b00000)]
  0x00000293749fc7d0 JavaThread "Monitor Deflation Thread" daemon [_thread_blocked, id=19116, stack(0x000000d7b3b00000,0x000000d7b3c00000)]
  0x00000293749ff3e0 JavaThread "C2 CompilerThread0" daemon [_thread_blocked, id=3664, stack(0x000000d7b3c00000,0x000000d7b3d00000)]
  0x0000029374a0f700 JavaThread "C1 CompilerThread0" daemon [_thread_blocked, id=13952, stack(0x000000d7b3d00000,0x000000d7b3e00000)]
  0x0000029374a32030 JavaThread "Sweeper thread" daemon [_thread_blocked, id=9912, stack(0x000000d7b3e00000,0x000000d7b3f00000)]
  0x00000293749d0810 JavaThread "Common-Cleaner" daemon [_thread_blocked, id=2284, stack(0x000000d7b3f00000,0x000000d7b4000000)]
  0x0000029374d61a60 JavaThread "Notification Thread" daemon [_thread_blocked, id=3720, stack(0x000000d7b4100000,0x000000d7b4200000)]
  0x0000029379f12020 JavaThread "Daemon health stats" [_thread_blocked, id=1860, stack(0x000000d7b4700000,0x000000d7b4800000)]
  0x000002937942d9d0 JavaThread "Incoming local TCP Connector on port 60625" [_thread_in_native, id=6040, stack(0x000000d7b4000000,0x000000d7b4100000)]
  0x000002937957b030 JavaThread "Daemon periodic checks" [_thread_blocked, id=1284, stack(0x000000d7b4800000,0x000000d7b4900000)]
  0x000002937a8b2360 JavaThread "Daemon" [_thread_blocked, id=4624, stack(0x000000d7b4900000,0x000000d7b4a00000)]
  0x00000293796668e0 JavaThread "Handler for socket connection from /127.0.0.1:60625 to /127.0.0.1:60626" [_thread_in_native, id=2764, stack(0x000000d7b4a00000,0x000000d7b4b00000)]
  0x000002937a0b3500 JavaThread "Cancel handler" [_thread_blocked, id=19240, stack(0x000000d7b4b00000,0x000000d7b4c00000)]
  0x000002937a0b1bb0 JavaThread "Daemon worker" [_thread_blocked, id=14440, stack(0x000000d7b4c00000,0x000000d7b4d00000)]
  0x000002937a0b16a0 JavaThread "Asynchronous log dispatcher for DefaultDaemonConnection: socket connection from /127.0.0.1:60625 to /127.0.0.1:60626" [_thread_blocked, id=17200, stack(0x000000d7b4d00000,0x000000d7b4e00000)]
  0x000002937a0b20c0 JavaThread "Stdin handler" [_thread_blocked, id=14648, stack(0x000000d7b4e00000,0x000000d7b4f00000)]
  0x000002937a0b4430 JavaThread "Daemon client event forwarder" [_thread_blocked, id=8052, stack(0x000000d7b4f00000,0x000000d7b5000000)]
  0x000002937a0b3a10 JavaThread "Cache worker for journal cache (C:\Users\DELL\.gradle\caches\journal-1)" [_thread_blocked, id=16528, stack(0x000000d7b5100000,0x000000d7b5200000)]
  0x000002937a0b25d0 JavaThread "File lock request listener" [_thread_in_native, id=14520, stack(0x000000d7b5200000,0x000000d7b5300000)]
  0x000002937a0b2ae0 JavaThread "Cache worker for file hash cache (C:\Users\DELL\.gradle\caches\8.13\fileHashes)" [_thread_blocked, id=6408, stack(0x000000d7b5300000,0x000000d7b5400000)]
  0x000002937a0b3f20 JavaThread "Cache worker for file hash cache (F:\VP_School\VPSCHOOL\android\.gradle\8.13\fileHashes)" [_thread_blocked, id=4684, stack(0x000000d7b5800000,0x000000d7b5900000)]
  0x000002937a0b0c80 JavaThread "Cache worker for Build Output Cleanup Cache (F:\VP_School\VPSCHOOL\android\.gradle\buildOutputCleanup)" [_thread_blocked, id=15956, stack(0x000000d7b5900000,0x000000d7b5a00000)]
  0x000002937a0b1190 JavaThread "File watcher server" daemon [_thread_in_native, id=13820, stack(0x000000d7b5b00000,0x000000d7b5c00000)]
  0x000002937c87f6c0 JavaThread "File watcher consumer" daemon [_thread_blocked, id=7008, stack(0x000000d7b5c00000,0x000000d7b5d00000)]
  0x000002937c87d350 JavaThread "jar transforms" [_thread_blocked, id=6376, stack(0x000000d7b5d00000,0x000000d7b5e00000)]
  0x000002937c880b00 JavaThread "Cache worker for checksums cache (F:\VP_School\VPSCHOOL\android\.gradle\8.13\checksums)" [_thread_blocked, id=20384, stack(0x000000d7b5700000,0x000000d7b5800000)]
  0x000002937c87eca0 JavaThread "Cache worker for file content cache (C:\Users\DELL\.gradle\caches\8.13\fileContent)" [_thread_blocked, id=14620, stack(0x000000d7b5e00000,0x000000d7b5f00000)]
  0x000002937c87fbd0 JavaThread "Cache worker for cache directory md-supplier (C:\Users\DELL\.gradle\caches\8.13\md-supplier)" [_thread_blocked, id=2088, stack(0x000000d7b5f00000,0x000000d7b6000000)]
  0x000002937c87d860 JavaThread "Cache worker for cache directory md-rule (C:\Users\DELL\.gradle\caches\8.13\md-rule)" [_thread_blocked, id=18120, stack(0x000000d7b6000000,0x000000d7b6100000)]
  0x000002937c881520 JavaThread "Cache worker for Build Output Cleanup Cache (F:\VP_School\VPSCHOOL\node_modules\@react-native\gradle-plugin\.gradle\buildOutputCleanup)" [_thread_blocked, id=21660, stack(0x000000d7b6100000,0x000000d7b6200000)]
  0x000002937c881a30 JavaThread "Unconstrained build operations" [_thread_blocked, id=2836, stack(0x000000d7b6200000,0x000000d7b6300000)]
  0x000002937c87e280 JavaThread "Unconstrained build operations Thread 2" [_thread_blocked, id=2256, stack(0x000000d7b6300000,0x000000d7b6400000)]
  0x000002937c87f1b0 JavaThread "Unconstrained build operations Thread 3" [_thread_blocked, id=20960, stack(0x000000d7b6400000,0x000000d7b6500000)]
  0x000002937c881f40 JavaThread "Unconstrained build operations Thread 4" [_thread_blocked, id=4040, stack(0x000000d7b6500000,0x000000d7b6600000)]
  0x000002937c8800e0 JavaThread "Unconstrained build operations Thread 5" [_thread_blocked, id=11492, stack(0x000000d7b6600000,0x000000d7b6700000)]
  0x000002937c87e790 JavaThread "Unconstrained build operations Thread 6" [_thread_blocked, id=17148, stack(0x000000d7b6700000,0x000000d7b6800000)]
  0x000002937c882e70 JavaThread "Unconstrained build operations Thread 7" [_thread_blocked, id=14672, stack(0x000000d7b6800000,0x000000d7b6900000)]
  0x000002937c883890 JavaThread "Unconstrained build operations Thread 8" [_thread_blocked, id=2580, stack(0x000000d7b6900000,0x000000d7b6a00000)]
  0x000002937c882450 JavaThread "Unconstrained build operations Thread 9" [_thread_blocked, id=14012, stack(0x000000d7b6a00000,0x000000d7b6b00000)]
  0x000002937c8847c0 JavaThread "Unconstrained build operations Thread 10" [_thread_blocked, id=15228, stack(0x000000d7b6b00000,0x000000d7b6c00000)]
  0x000002937c884cd0 JavaThread "Unconstrained build operations Thread 11" [_thread_blocked, id=16144, stack(0x000000d7b6c00000,0x000000d7b6d00000)]
  0x000002937c882960 JavaThread "Unconstrained build operations Thread 12" [_thread_blocked, id=18420, stack(0x000000d7b6d00000,0x000000d7b6e00000)]
  0x000002937c883da0 JavaThread "Unconstrained build operations Thread 13" [_thread_blocked, id=21752, stack(0x000000d7b6e00000,0x000000d7b6f00000)]
  0x000002937c8842b0 JavaThread "Unconstrained build operations Thread 14" [_thread_blocked, id=22384, stack(0x000000d7b6f00000,0x000000d7b7000000)]
  0x000002937de04700 JavaThread "Unconstrained build operations Thread 15" [_thread_blocked, id=3512, stack(0x000000d7b7000000,0x000000d7b7100000)]
  0x000002937de04c10 JavaThread "Unconstrained build operations Thread 16" [_thread_blocked, id=2844, stack(0x000000d7b7100000,0x000000d7b7200000)]
  0x000002937de041f0 JavaThread "Unconstrained build operations Thread 17" [_thread_blocked, id=3024, stack(0x000000d7b7200000,0x000000d7b7300000)]
  0x000002937de05630 JavaThread "Unconstrained build operations Thread 18" [_thread_blocked, id=16784, stack(0x000000d7b7300000,0x000000d7b7400000)]
  0x000002937de032c0 JavaThread "Unconstrained build operations Thread 19" [_thread_blocked, id=15948, stack(0x000000d7b7400000,0x000000d7b7500000)]
  0x000002937de03ce0 JavaThread "Unconstrained build operations Thread 20" [_thread_blocked, id=1260, stack(0x000000d7b7500000,0x000000d7b7600000)]
  0x000002937de05b40 JavaThread "Unconstrained build operations Thread 21" [_thread_blocked, id=3904, stack(0x000000d7b7600000,0x000000d7b7700000)]
  0x000002937de05120 JavaThread "Unconstrained build operations Thread 22" [_thread_blocked, id=17032, stack(0x000000d7b7700000,0x000000d7b7800000)]
  0x000002937de06050 JavaThread "Unconstrained build operations Thread 23" [_thread_blocked, id=20064, stack(0x000000d7b7800000,0x000000d7b7900000)]
  0x000002937de037d0 JavaThread "Unconstrained build operations Thread 24" [_thread_blocked, id=16660, stack(0x000000d7b7900000,0x000000d7b7a00000)]
  0x000002937de06560 JavaThread "Unconstrained build operations Thread 25" [_thread_blocked, id=20768, stack(0x000000d7b7a00000,0x000000d7b7b00000)]
  0x000002937de02db0 JavaThread "Unconstrained build operations Thread 26" [_thread_blocked, id=20352, stack(0x000000d7b7b00000,0x000000d7b7c00000)]
  0x000002937de06a70 JavaThread "Unconstrained build operations Thread 27" [_thread_blocked, id=12428, stack(0x000000d7b7c00000,0x000000d7b7d00000)]
  0x000002937de0a730 JavaThread "build event listener" [_thread_blocked, id=9756, stack(0x000000d7b7d00000,0x000000d7b7e00000)]
  0x000002937de09800 JavaThread "Memory manager" [_thread_blocked, id=17364, stack(0x000000d7b5000000,0x000000d7b5100000)]
  0x000002937d8ab050 JavaThread "C2 CompilerThread1" daemon [_thread_blocked, id=7496, stack(0x000000d7b7e00000,0x000000d7b7f00000)]

Other Threads:
=>0x00000293749dff00 VMThread "VM Thread" [stack: 0x000000d7b3500000,0x000000d7b3600000] [id=22000]
  0x00000293568777b0 WatcherThread [stack: 0x000000d7b4200000,0x000000d7b4300000] [id=20196]
  0x00000293544ee800 GCTaskThread "GC Thread#0" [stack: 0x000000d7b3000000,0x000000d7b3100000] [id=15492]
  0x00000293795a7830 GCTaskThread "GC Thread#1" [stack: 0x000000d7b4400000,0x000000d7b4500000] [id=16588]
  0x00000293795a7af0 GCTaskThread "GC Thread#2" [stack: 0x000000d7b4500000,0x000000d7b4600000] [id=10704]
  0x00000293792cee00 GCTaskThread "GC Thread#3" [stack: 0x000000d7b4300000,0x000000d7b4400000] [id=6996]
  0x000002937a07e530 GCTaskThread "GC Thread#4" [stack: 0x000000d7b4600000,0x000000d7b4700000] [id=10912]
  0x000002937c5f8e10 GCTaskThread "GC Thread#5" [stack: 0x000000d7b5400000,0x000000d7b5500000] [id=2828]
  0x000002937a7cec90 GCTaskThread "GC Thread#6" [stack: 0x000000d7b5500000,0x000000d7b5600000] [id=11916]
  0x0000029379f8eb30 GCTaskThread "GC Thread#7" [stack: 0x000000d7b5600000,0x000000d7b5700000] [id=13564]
  0x000002935685faf0 ConcurrentGCThread "G1 Main Marker" [stack: 0x000000d7b3100000,0x000000d7b3200000] [id=22476]
  0x00000293568610e0 ConcurrentGCThread "G1 Conc#0" [stack: 0x000000d7b3200000,0x000000d7b3300000] [id=6920]
  0x000002937c3ee330 ConcurrentGCThread "G1 Conc#1" [stack: 0x000000d7b5a00000,0x000000d7b5b00000] [id=1572]
  0x00000293568ad5b0 ConcurrentGCThread "G1 Refine#0" [stack: 0x000000d7b3300000,0x000000d7b3400000] [id=19124]
  0x00000293568add90 ConcurrentGCThread "G1 Service" [stack: 0x000000d7b3400000,0x000000d7b3500000] [id=14028]

Threads with active compile tasks:
C2 CompilerThread0    35615 6905   !   4       com.google.common.reflect.TypeVisitor::visit (225 bytes)
C1 CompilerThread0    35615 6948       3       java.lang.AbstractStringBuilder::append (60 bytes)
C2 CompilerThread1    35615 6908       4       com.google.common.collect.ImmutableMap$Builder::ensureCapacity (38 bytes)

VM state: at safepoint (normal execution)

VM Mutex/Monitor currently owned by a thread:  ([mutex/lock_event])
[0x00000293567ef520] Threads_lock - owner thread: 0x00000293749dff00
[0x00000293567ef9a0] Heap_lock - owner thread: 0x000002937a0b1bb0

Heap address: 0x0000000080000000, size: 2048 MB, Compressed Oops mode: 32-bit

CDS archive(s) mapped at: [0x0000029300000000-0x0000029300bd0000-0x0000029300bd0000), size 12386304, SharedBaseAddress: 0x0000029300000000, ArchiveRelocationMode: 1.
Compressed class space mapped at: 0x0000029301000000-0x000002931b000000, reserved size: 436207616
Narrow klass base: 0x0000029300000000, Narrow klass shift: 0, Narrow klass range: 0x100000000

GC Precious Log:
 CPUs: 8 total, 8 available
 Memory: 7959M
 Large Page Support: Disabled
 NUMA Support: Disabled
 Compressed Oops: Enabled (32-bit)
 Heap Region Size: 1M
 Heap Min Capacity: 8M
 Heap Initial Capacity: 126M
 Heap Max Capacity: 2G
 Pre-touch: Disabled
 Parallel Workers: 8
 Concurrent Workers: 2
 Concurrent Refinement Workers: 8
 Periodic GC: Disabled

Heap:
 garbage-first heap   total 99328K, used 57617K [0x0000000080000000, 0x0000000100000000)
  region size 1024K, 1 young (1024K), 1 survivors (1024K)
 Metaspace       used 60283K, committed 60992K, reserved 491520K
  class space    used 8509K, committed 8832K, reserved 425984K

Heap Regions: E=young(eden), S=young(survivor), O=old, HS=humongous(starts), HC=humongous(continues), CS=collection set, F=free, OA=open archive, CA=closed archive, TAMS=top-at-mark-start (previous, next)
|   0|0x0000000080000000, 0x0000000080100000, 0x0000000080100000|100%|HS|  |TAMS 0x0000000080100000, 0x0000000080100000| Complete 
|   1|0x0000000080100000, 0x0000000080200000, 0x0000000080200000|100%|HC|  |TAMS 0x0000000080200000, 0x0000000080200000| Complete 
|   2|0x0000000080200000, 0x0000000080300000, 0x0000000080300000|100%|HC|  |TAMS 0x0000000080300000, 0x0000000080300000| Complete 
|   3|0x0000000080300000, 0x0000000080400000, 0x0000000080400000|100%| O|  |TAMS 0x0000000080400000, 0x0000000080400000| Untracked 
|   4|0x0000000080400000, 0x0000000080500000, 0x0000000080500000|100%| O|  |TAMS 0x0000000080500000, 0x0000000080500000| Untracked 
|   5|0x0000000080500000, 0x0000000080600000, 0x0000000080600000|100%| O|  |TAMS 0x0000000080600000, 0x0000000080600000| Untracked 
|   6|0x0000000080600000, 0x0000000080700000, 0x0000000080700000|100%|HS|  |TAMS 0x0000000080700000, 0x0000000080700000| Complete 
|   7|0x0000000080700000, 0x0000000080800000, 0x0000000080800000|100%| O|  |TAMS 0x0000000080800000, 0x0000000080800000| Untracked 
|   8|0x0000000080800000, 0x0000000080900000, 0x0000000080900000|100%| O|  |TAMS 0x0000000080900000, 0x0000000080900000| Untracked 
|   9|0x0000000080900000, 0x0000000080a00000, 0x0000000080a00000|100%| O|  |TAMS 0x0000000080a00000, 0x0000000080a00000| Untracked 
|  10|0x0000000080a00000, 0x0000000080b00000, 0x0000000080b00000|100%| O|  |TAMS 0x0000000080b00000, 0x0000000080b00000| Untracked 
|  11|0x0000000080b00000, 0x0000000080c00000, 0x0000000080c00000|100%| O|  |TAMS 0x0000000080c00000, 0x0000000080c00000| Untracked 
|  12|0x0000000080c00000, 0x0000000080d00000, 0x0000000080d00000|100%| O|  |TAMS 0x0000000080d00000, 0x0000000080d00000| Untracked 
|  13|0x0000000080d00000, 0x0000000080e00000, 0x0000000080e00000|100%| O|  |TAMS 0x0000000080e00000, 0x0000000080e00000| Untracked 
|  14|0x0000000080e00000, 0x0000000080f00000, 0x0000000080f00000|100%| O|  |TAMS 0x0000000080f00000, 0x0000000080f00000| Untracked 
|  15|0x0000000080f00000, 0x0000000081000000, 0x0000000081000000|100%| O|  |TAMS 0x0000000081000000, 0x0000000081000000| Untracked 
|  16|0x0000000081000000, 0x0000000081100000, 0x0000000081100000|100%| O|  |TAMS 0x0000000081100000, 0x0000000081100000| Untracked 
|  17|0x0000000081100000, 0x0000000081200000, 0x0000000081200000|100%| O|  |TAMS 0x0000000081200000, 0x0000000081200000| Untracked 
|  18|0x0000000081200000, 0x0000000081300000, 0x0000000081300000|100%| O|  |TAMS 0x0000000081300000, 0x0000000081300000| Untracked 
|  19|0x0000000081300000, 0x0000000081400000, 0x0000000081400000|100%| O|  |TAMS 0x0000000081400000, 0x0000000081400000| Untracked 
|  20|0x0000000081400000, 0x00000000814ff200, 0x0000000081500000| 99%| O|  |TAMS 0x00000000814ff200, 0x00000000814ff200| Untracked 
|  21|0x0000000081500000, 0x0000000081600000, 0x0000000081600000|100%| O|  |TAMS 0x0000000081600000, 0x0000000081600000| Untracked 
|  22|0x0000000081600000, 0x0000000081700000, 0x0000000081700000|100%| O|  |TAMS 0x0000000081700000, 0x0000000081700000| Untracked 
|  23|0x0000000081700000, 0x0000000081800000, 0x0000000081800000|100%| O|  |TAMS 0x0000000081800000, 0x0000000081800000| Untracked 
|  24|0x0000000081800000, 0x0000000081900000, 0x0000000081900000|100%| O|  |TAMS 0x0000000081900000, 0x0000000081900000| Untracked 
|  25|0x0000000081900000, 0x0000000081a00000, 0x0000000081a00000|100%| O|  |TAMS 0x0000000081a00000, 0x0000000081a00000| Untracked 
|  26|0x0000000081a00000, 0x0000000081b00000, 0x0000000081b00000|100%| O|  |TAMS 0x0000000081b00000, 0x0000000081b00000| Untracked 
|  27|0x0000000081b00000, 0x0000000081c00000, 0x0000000081c00000|100%| O|  |TAMS 0x0000000081c00000, 0x0000000081c00000| Untracked 
|  28|0x0000000081c00000, 0x0000000081d00000, 0x0000000081d00000|100%| O|  |TAMS 0x0000000081d00000, 0x0000000081d00000| Untracked 
|  29|0x0000000081d00000, 0x0000000081d00000, 0x0000000081e00000|  0%| F|  |TAMS 0x0000000081d00000, 0x0000000081d00000| Untracked 
|  30|0x0000000081e00000, 0x0000000081f00000, 0x0000000081f00000|100%| O|  |TAMS 0x0000000081f00000, 0x0000000081f00000| Untracked 
|  31|0x0000000081f00000, 0x0000000082000000, 0x0000000082000000|100%| O|  |TAMS 0x0000000081f00000, 0x0000000082000000| Untracked 
|  32|0x0000000082000000, 0x0000000082100000, 0x0000000082100000|100%| O|  |TAMS 0x0000000082100000, 0x0000000082100000| Untracked 
|  33|0x0000000082100000, 0x0000000082200000, 0x0000000082200000|100%| O|  |TAMS 0x0000000082200000, 0x0000000082200000| Untracked 
|  34|0x0000000082200000, 0x0000000082300000, 0x0000000082300000|100%| O|  |TAMS 0x0000000082300000, 0x0000000082300000| Untracked 
|  35|0x0000000082300000, 0x0000000082400000, 0x0000000082400000|100%| O|  |TAMS 0x0000000082400000, 0x0000000082400000| Untracked 
|  36|0x0000000082400000, 0x0000000082500000, 0x0000000082500000|100%| O|  |TAMS 0x0000000082500000, 0x0000000082500000| Untracked 
|  37|0x0000000082500000, 0x0000000082600000, 0x0000000082600000|100%| O|  |TAMS 0x0000000082600000, 0x0000000082600000| Untracked 
|  38|0x0000000082600000, 0x0000000082700000, 0x0000000082700000|100%| O|  |TAMS 0x0000000082700000, 0x0000000082700000| Untracked 
|  39|0x0000000082700000, 0x0000000082800000, 0x0000000082800000|100%| O|  |TAMS 0x0000000082800000, 0x0000000082800000| Untracked 
|  40|0x0000000082800000, 0x0000000082900000, 0x0000000082900000|100%| O|  |TAMS 0x0000000082900000, 0x0000000082900000| Untracked 
|  41|0x0000000082900000, 0x0000000082a00000, 0x0000000082a00000|100%| O|  |TAMS 0x0000000082a00000, 0x0000000082a00000| Untracked 
|  42|0x0000000082a00000, 0x0000000082b00000, 0x0000000082b00000|100%| O|  |TAMS 0x0000000082b00000, 0x0000000082b00000| Untracked 
|  43|0x0000000082b00000, 0x0000000082c00000, 0x0000000082c00000|100%|HS|  |TAMS 0x0000000082c00000, 0x0000000082c00000| Complete 
|  44|0x0000000082c00000, 0x0000000082d00000, 0x0000000082d00000|100%|HC|  |TAMS 0x0000000082d00000, 0x0000000082d00000| Complete 
|  45|0x0000000082d00000, 0x0000000082e00000, 0x0000000082e00000|100%|HS|  |TAMS 0x0000000082e00000, 0x0000000082e00000| Complete 
|  46|0x0000000082e00000, 0x0000000082f00000, 0x0000000082f00000|100%|HC|  |TAMS 0x0000000082f00000, 0x0000000082f00000| Complete 
|  47|0x0000000082f00000, 0x0000000083000000, 0x0000000083000000|100%|HC|  |TAMS 0x0000000083000000, 0x0000000083000000| Complete 
|  48|0x0000000083000000, 0x0000000083100000, 0x0000000083100000|100%|HS|  |TAMS 0x0000000083100000, 0x0000000083100000| Complete 
|  49|0x0000000083100000, 0x0000000083200000, 0x0000000083200000|100%|HC|  |TAMS 0x0000000083200000, 0x0000000083200000| Complete 
|  50|0x0000000083200000, 0x0000000083300000, 0x0000000083300000|100%| O|  |TAMS 0x0000000083300000, 0x0000000083300000| Untracked 
|  51|0x0000000083300000, 0x0000000083400000, 0x0000000083400000|100%| O|  |TAMS 0x0000000083400000, 0x0000000083400000| Untracked 
|  52|0x0000000083400000, 0x0000000083500000, 0x0000000083500000|100%| O|  |TAMS 0x0000000083500000, 0x0000000083500000| Untracked 
|  53|0x0000000083500000, 0x0000000083600000, 0x0000000083600000|100%| O|  |TAMS 0x0000000083600000, 0x0000000083600000| Untracked 
|  54|0x0000000083600000, 0x0000000083700000, 0x0000000083700000|100%| O|  |TAMS 0x0000000083700000, 0x0000000083700000| Untracked 
|  55|0x0000000083700000, 0x0000000083800000, 0x0000000083800000|100%| O|  |TAMS 0x00000000837d9e00, 0x0000000083800000| Untracked 
|  56|0x0000000083800000, 0x0000000083891000, 0x0000000083900000| 56%| O|  |TAMS 0x0000000083800000, 0x0000000083891000| Untracked 
|  57|0x0000000083900000, 0x0000000083900000, 0x0000000083a00000|  0%| F|  |TAMS 0x0000000083900000, 0x0000000083900000| Untracked 
|  58|0x0000000083a00000, 0x0000000083a00000, 0x0000000083b00000|  0%| F|  |TAMS 0x0000000083a00000, 0x0000000083a00000| Untracked 
|  59|0x0000000083b00000, 0x0000000083b00000, 0x0000000083c00000|  0%| F|  |TAMS 0x0000000083b00000, 0x0000000083b00000| Untracked 
|  60|0x0000000083c00000, 0x0000000083c00000, 0x0000000083d00000|  0%| F|  |TAMS 0x0000000083c00000, 0x0000000083c00000| Untracked 
|  61|0x0000000083d00000, 0x0000000083d00000, 0x0000000083e00000|  0%| F|  |TAMS 0x0000000083d00000, 0x0000000083d00000| Untracked 
|  62|0x0000000083e00000, 0x0000000083e00000, 0x0000000083f00000|  0%| F|  |TAMS 0x0000000083e00000, 0x0000000083e00000| Untracked 
|  63|0x0000000083f00000, 0x0000000083f00000, 0x0000000084000000|  0%| F|  |TAMS 0x0000000083f00000, 0x0000000083f00000| Untracked 
|  64|0x0000000084000000, 0x0000000084000000, 0x0000000084100000|  0%| F|  |TAMS 0x0000000084000000, 0x0000000084000000| Untracked 
|  65|0x0000000084100000, 0x0000000084100000, 0x0000000084200000|  0%| F|  |TAMS 0x0000000084100000, 0x0000000084100000| Untracked 
|  66|0x0000000084200000, 0x0000000084200000, 0x0000000084300000|  0%| F|  |TAMS 0x0000000084200000, 0x0000000084200000| Untracked 
|  67|0x0000000084300000, 0x0000000084300000, 0x0000000084400000|  0%| F|  |TAMS 0x0000000084300000, 0x0000000084300000| Untracked 
|  68|0x0000000084400000, 0x0000000084400000, 0x0000000084500000|  0%| F|  |TAMS 0x0000000084400000, 0x0000000084400000| Untracked 
|  69|0x0000000084500000, 0x0000000084500000, 0x0000000084600000|  0%| F|  |TAMS 0x0000000084500000, 0x0000000084500000| Untracked 
|  70|0x0000000084600000, 0x0000000084600000, 0x0000000084700000|  0%| F|  |TAMS 0x0000000084600000, 0x0000000084600000| Untracked 
|  71|0x0000000084700000, 0x0000000084700000, 0x0000000084800000|  0%| F|  |TAMS 0x0000000084700000, 0x0000000084700000| Untracked 
|  72|0x0000000084800000, 0x0000000084800000, 0x0000000084900000|  0%| F|  |TAMS 0x0000000084800000, 0x0000000084800000| Untracked 
|  73|0x0000000084900000, 0x00000000849b4488, 0x0000000084a00000| 70%| S|CS|TAMS 0x0000000084900000, 0x0000000084900000| Complete 
|  74|0x0000000084a00000, 0x0000000084a00000, 0x0000000084b00000|  0%| F|  |TAMS 0x0000000084a00000, 0x0000000084a00000| Untracked 
|  75|0x0000000084b00000, 0x0000000084b00000, 0x0000000084c00000|  0%| F|  |TAMS 0x0000000084b00000, 0x0000000084b00000| Untracked 
|  76|0x0000000084c00000, 0x0000000084c00000, 0x0000000084d00000|  0%| F|  |TAMS 0x0000000084c00000, 0x0000000084c00000| Untracked 
|  77|0x0000000084d00000, 0x0000000084d00000, 0x0000000084e00000|  0%| F|  |TAMS 0x0000000084d00000, 0x0000000084d00000| Untracked 
|  78|0x0000000084e00000, 0x0000000084e00000, 0x0000000084f00000|  0%| F|  |TAMS 0x0000000084e00000, 0x0000000084e00000| Untracked 
|  79|0x0000000084f00000, 0x0000000084f00000, 0x0000000085000000|  0%| F|  |TAMS 0x0000000084f00000, 0x0000000084f00000| Untracked 
|  80|0x0000000085000000, 0x0000000085000000, 0x0000000085100000|  0%| F|  |TAMS 0x0000000085000000, 0x0000000085000000| Untracked 
|  81|0x0000000085100000, 0x0000000085100000, 0x0000000085200000|  0%| F|  |TAMS 0x0000000085100000, 0x0000000085100000| Untracked 
|  82|0x0000000085200000, 0x0000000085200000, 0x0000000085300000|  0%| F|  |TAMS 0x0000000085200000, 0x0000000085200000| Untracked 
|  83|0x0000000085300000, 0x0000000085300000, 0x0000000085400000|  0%| F|  |TAMS 0x0000000085300000, 0x0000000085300000| Untracked 
|  84|0x0000000085400000, 0x0000000085400000, 0x0000000085500000|  0%| F|  |TAMS 0x0000000085400000, 0x0000000085400000| Untracked 
|  85|0x0000000085500000, 0x0000000085500000, 0x0000000085600000|  0%| F|  |TAMS 0x0000000085500000, 0x0000000085500000| Untracked 
|  86|0x0000000085600000, 0x0000000085600000, 0x0000000085700000|  0%| F|  |TAMS 0x0000000085600000, 0x0000000085600000| Untracked 
|  87|0x0000000085700000, 0x0000000085700000, 0x0000000085800000|  0%| F|  |TAMS 0x0000000085700000, 0x0000000085700000| Untracked 
|  88|0x0000000085800000, 0x0000000085800000, 0x0000000085900000|  0%| F|  |TAMS 0x0000000085800000, 0x0000000085800000| Untracked 
|  89|0x0000000085900000, 0x0000000085900000, 0x0000000085a00000|  0%| F|  |TAMS 0x0000000085900000, 0x0000000085900000| Untracked 
|  90|0x0000000085a00000, 0x0000000085a00000, 0x0000000085b00000|  0%| F|  |TAMS 0x0000000085a00000, 0x0000000085a00000| Untracked 
|  91|0x0000000085b00000, 0x0000000085b00000, 0x0000000085c00000|  0%| F|  |TAMS 0x0000000085b00000, 0x0000000085b00000| Untracked 
|  92|0x0000000085c00000, 0x0000000085c00000, 0x0000000085d00000|  0%| F|  |TAMS 0x0000000085c00000, 0x0000000085c00000| Untracked 
|  93|0x0000000085d00000, 0x0000000085d00000, 0x0000000085e00000|  0%| F|  |TAMS 0x0000000085d00000, 0x0000000085d00000| Untracked 
|  94|0x0000000085e00000, 0x0000000085e00000, 0x0000000085f00000|  0%| F|  |TAMS 0x0000000085e00000, 0x0000000085e00000| Untracked 
|  95|0x0000000085f00000, 0x0000000085f00000, 0x0000000086000000|  0%| F|  |TAMS 0x0000000085f00000, 0x0000000085f00000| Untracked 
| 125|0x0000000087d00000, 0x0000000087d00000, 0x0000000087e00000|  0%| F|  |TAMS 0x0000000087d00000, 0x0000000087d00000| Untracked 

Card table byte_map: [0x000002936d7d0000,0x000002936dbd0000] _byte_map_base: 0x000002936d3d0000

Marking Bits (Prev, Next): (CMBitMap*) 0x000002935684e3f0, (CMBitMap*) 0x000002935684e430
 Prev Bits: [0x000002936dfd0000, 0x000002936ffd0000)
 Next Bits: [0x000002936ffd0000, 0x0000029371fd0000)

Polling page: 0x00000293546d0000

Metaspace:

Usage:
  Non-class:     50.56 MB used.
      Class:      8.31 MB used.
       Both:     58.87 MB used.

Virtual space:
  Non-class space:       64.00 MB reserved,      50.94 MB ( 80%) committed,  1 nodes.
      Class space:      416.00 MB reserved,       8.62 MB (  2%) committed,  1 nodes.
             Both:      480.00 MB reserved,      59.56 MB ( 12%) committed. 

Chunk freelists:
   Non-Class:  13.11 MB
       Class:  7.42 MB
        Both:  20.53 MB

MaxMetaspaceSize: 512.00 MB
CompressedClassSpaceSize: 416.00 MB
Initial GC threshold: 21.00 MB
Current GC threshold: 94.19 MB
CDS: on
MetaspaceReclaimPolicy: balanced
 - commit_granule_bytes: 65536.
 - commit_granule_words: 8192.
 - virtual_space_node_default_size: 8388608.
 - enlarge_chunks_in_place: 1.
 - new_chunks_are_fully_committed: 0.
 - uncommit_free_chunks: 1.
 - use_allocation_guard: 0.
 - handle_deallocations: 1.


Internal statistics:

num_allocs_failed_limit: 6.
num_arena_births: 818.
num_arena_deaths: 0.
num_vsnodes_births: 2.
num_vsnodes_deaths: 0.
num_space_committed: 953.
num_space_uncommitted: 0.
num_chunks_returned_to_freelist: 6.
num_chunks_taken_from_freelist: 3301.
num_chunk_merges: 6.
num_chunk_splits: 2180.
num_chunks_enlarged: 1441.
num_inconsistent_stats: 0.

CodeHeap 'non-profiled nmethods': size=120000Kb used=3652Kb max_used=3652Kb free=116347Kb
 bounds [0x0000029365b70000, 0x0000029365f10000, 0x000002936d0a0000]
CodeHeap 'profiled nmethods': size=120000Kb used=11824Kb max_used=11824Kb free=108175Kb
 bounds [0x000002935e0a0000, 0x000002935ec30000, 0x00000293655d0000]
CodeHeap 'non-nmethods': size=5760Kb used=2385Kb max_used=2420Kb free=3374Kb
 bounds [0x00000293655d0000, 0x0000029365840000, 0x0000029365b70000]
 total_blobs=7057 nmethods=6159 adapters=810
 compilation: enabled
              stopped_count=0, restarted_count=0
 full_count=0

Compilation events (20 events):
Event: 33.348 Thread 0x0000029374a0f700 6941       3       org.gradle.internal.serialize.DefaultSerializerRegistry$1::compare (13 bytes)
Event: 33.348 Thread 0x000002937d8ab050 6932   !   4       java.util.regex.Pattern::RemoveQEQuoting (370 bytes)
Event: 33.348 Thread 0x0000029374a0f700 nmethod 6941 0x000002935ec25290 code [0x000002935ec25480, 0x000002935ec25a28]
Event: 33.356 Thread 0x0000029374a0f700 6942   !   3       java.lang.invoke.DirectMethodHandle::makePreparedLambdaForm (798 bytes)
Event: 33.361 Thread 0x0000029374a0f700 nmethod 6942 0x000002935ec25c10 code [0x000002935ec261c0, 0x000002935ec29f48]
Event: 33.375 Thread 0x000002937d8ab050 nmethod 6932 0x0000029365efe990 code [0x0000029365efeb60, 0x0000029365eff918]
Event: 33.375 Thread 0x000002937d8ab050 6939       4       java.lang.Class::getAnnotation (22 bytes)
Event: 33.380 Thread 0x0000029374a0f700 6944       3       java.lang.String::contains (19 bytes)
Event: 33.380 Thread 0x0000029374a0f700 nmethod 6944 0x000002935ec2b190 code [0x000002935ec2b340, 0x000002935ec2b5b8]
Event: 33.380 Thread 0x0000029374a0f700 6945 %     3       java.util.regex.Pattern$Start::match @ 31 (90 bytes)
Event: 33.381 Thread 0x0000029374a0f700 nmethod 6945% 0x000002935ec2b690 code [0x000002935ec2b860, 0x000002935ec2bd08]
Event: 33.381 Thread 0x0000029374a0f700 6946       3       java.lang.reflect.Constructor::hasGenericInformation (13 bytes)
Event: 33.382 Thread 0x0000029374a0f700 nmethod 6946 0x000002935ec2bf10 code [0x000002935ec2c0a0, 0x000002935ec2c218]
Event: 33.382 Thread 0x000002937d8ab050 nmethod 6939 0x0000029365efff90 code [0x0000029365f00140, 0x0000029365f00428]
Event: 33.382 Thread 0x000002937d8ab050 6923       4       org.objectweb.asm.AnnotationWriter::putAnnotations (67 bytes)
Event: 33.385 Thread 0x000002937d8ab050 nmethod 6923 0x0000029365f00710 code [0x0000029365f008c0, 0x0000029365f00a70]
Event: 33.385 Thread 0x000002937d8ab050 6947       4       org.objectweb.asm.AnnotationWriter::computeAnnotationsSize (66 bytes)
Event: 33.387 Thread 0x000002937d8ab050 nmethod 6947 0x0000029365f00c90 code [0x0000029365f00e20, 0x0000029365f00fb8]
Event: 33.387 Thread 0x000002937d8ab050 6908       4       com.google.common.collect.ImmutableMap$Builder::ensureCapacity (38 bytes)
Event: 33.387 Thread 0x0000029374a0f700 6948       3       java.lang.AbstractStringBuilder::append (60 bytes)

GC Heap History (20 events):
Event: 24.473 GC heap after
{Heap after GC invocations=13 (full 0):
 garbage-first heap   total 89088K, used 37697K [0x0000000080000000, 0x0000000100000000)
  region size 1024K, 5 young (5120K), 5 survivors (5120K)
 Metaspace       used 44130K, committed 44672K, reserved 491520K
  class space    used 6204K, committed 6464K, reserved 425984K
}
Event: 26.913 GC heap before
{Heap before GC invocations=13 (full 0):
 garbage-first heap   total 89088K, used 70465K [0x0000000080000000, 0x0000000100000000)
  region size 1024K, 37 young (37888K), 5 survivors (5120K)
 Metaspace       used 47878K, committed 48448K, reserved 491520K
  class space    used 6702K, committed 6976K, reserved 425984K
}
Event: 26.919 GC heap after
{Heap after GC invocations=14 (full 0):
 garbage-first heap   total 89088K, used 38832K [0x0000000080000000, 0x0000000100000000)
  region size 1024K, 4 young (4096K), 4 survivors (4096K)
 Metaspace       used 47878K, committed 48448K, reserved 491520K
  class space    used 6702K, committed 6976K, reserved 425984K
}
Event: 28.011 GC heap before
{Heap before GC invocations=14 (full 0):
 garbage-first heap   total 89088K, used 71600K [0x0000000080000000, 0x0000000100000000)
  region size 1024K, 36 young (36864K), 4 survivors (4096K)
 Metaspace       used 51482K, committed 52096K, reserved 491520K
  class space    used 7287K, committed 7552K, reserved 425984K
}
Event: 28.017 GC heap after
{Heap after GC invocations=15 (full 0):
 garbage-first heap   total 89088K, used 41052K [0x0000000080000000, 0x0000000100000000)
  region size 1024K, 4 young (4096K), 4 survivors (4096K)
 Metaspace       used 51482K, committed 52096K, reserved 491520K
  class space    used 7287K, committed 7552K, reserved 425984K
}
Event: 28.981 GC heap before
{Heap before GC invocations=15 (full 0):
 garbage-first heap   total 89088K, used 70748K [0x0000000080000000, 0x0000000100000000)
  region size 1024K, 34 young (34816K), 4 survivors (4096K)
 Metaspace       used 53004K, committed 53568K, reserved 491520K
  class space    used 7467K, committed 7744K, reserved 425984K
}
Event: 28.989 GC heap after
{Heap after GC invocations=16 (full 0):
 garbage-first heap   total 89088K, used 45016K [0x0000000080000000, 0x0000000100000000)
  region size 1024K, 5 young (5120K), 5 survivors (5120K)
 Metaspace       used 53004K, committed 53568K, reserved 491520K
  class space    used 7467K, committed 7744K, reserved 425984K
}
Event: 29.695 GC heap before
{Heap before GC invocations=16 (full 0):
 garbage-first heap   total 89088K, used 61400K [0x0000000080000000, 0x0000000100000000)
  region size 1024K, 23 young (23552K), 5 survivors (5120K)
 Metaspace       used 53711K, committed 54272K, reserved 491520K
  class space    used 7548K, committed 7808K, reserved 425984K
}
Event: 29.702 GC heap after
{Heap after GC invocations=17 (full 0):
 garbage-first heap   total 89088K, used 47061K [0x0000000080000000, 0x0000000100000000)
  region size 1024K, 4 young (4096K), 4 survivors (4096K)
 Metaspace       used 53711K, committed 54272K, reserved 491520K
  class space    used 7548K, committed 7808K, reserved 425984K
}
Event: 32.225 GC heap before
{Heap before GC invocations=18 (full 0):
 garbage-first heap   total 89088K, used 75733K [0x0000000080000000, 0x0000000100000000)
  region size 1024K, 26 young (26624K), 4 survivors (4096K)
 Metaspace       used 55963K, committed 56640K, reserved 491520K
  class space    used 7849K, committed 8192K, reserved 425984K
}
Event: 32.231 GC heap after
{Heap after GC invocations=19 (full 0):
 garbage-first heap   total 89088K, used 56736K [0x0000000080000000, 0x0000000100000000)
  region size 1024K, 3 young (3072K), 3 survivors (3072K)
 Metaspace       used 55963K, committed 56640K, reserved 491520K
  class space    used 7849K, committed 8192K, reserved 425984K
}
Event: 32.255 GC heap before
{Heap before GC invocations=19 (full 0):
 garbage-first heap   total 89088K, used 57760K [0x0000000080000000, 0x0000000100000000)
  region size 1024K, 4 young (4096K), 3 survivors (3072K)
 Metaspace       used 56024K, committed 56704K, reserved 491520K
  class space    used 7859K, committed 8192K, reserved 425984K
}
Event: 32.259 GC heap after
{Heap after GC invocations=20 (full 0):
 garbage-first heap   total 89088K, used 56391K [0x0000000080000000, 0x0000000100000000)
  region size 1024K, 1 young (1024K), 1 survivors (1024K)
 Metaspace       used 56024K, committed 56704K, reserved 491520K
  class space    used 7859K, committed 8192K, reserved 425984K
}
Event: 32.577 GC heap before
{Heap before GC invocations=20 (full 0):
 garbage-first heap   total 89088K, used 72775K [0x0000000080000000, 0x0000000100000000)
  region size 1024K, 17 young (17408K), 1 survivors (1024K)
 Metaspace       used 57097K, committed 57792K, reserved 491520K
  class space    used 8043K, committed 8384K, reserved 425984K
}
Event: 32.580 GC heap after
{Heap after GC invocations=21 (full 0):
 garbage-first heap   total 89088K, used 56701K [0x0000000080000000, 0x0000000100000000)
  region size 1024K, 1 young (1024K), 1 survivors (1024K)
 Metaspace       used 57097K, committed 57792K, reserved 491520K
  class space    used 8043K, committed 8384K, reserved 425984K
}
Event: 32.963 GC heap before
{Heap before GC invocations=22 (full 0):
 garbage-first heap   total 99328K, used 72061K [0x0000000080000000, 0x0000000100000000)
  region size 1024K, 17 young (17408K), 1 survivors (1024K)
 Metaspace       used 58193K, committed 58880K, reserved 491520K
  class space    used 8195K, committed 8512K, reserved 425984K
}
Event: 32.969 GC heap after
{Heap after GC invocations=23 (full 0):
 garbage-first heap   total 99328K, used 57741K [0x0000000080000000, 0x0000000100000000)
  region size 1024K, 2 young (2048K), 2 survivors (2048K)
 Metaspace       used 58193K, committed 58880K, reserved 491520K
  class space    used 8195K, committed 8512K, reserved 425984K
}
Event: 32.990 GC heap before
{Heap before GC invocations=23 (full 0):
 garbage-first heap   total 99328K, used 59789K [0x0000000080000000, 0x0000000100000000)
  region size 1024K, 4 young (4096K), 2 survivors (2048K)
 Metaspace       used 58379K, committed 59008K, reserved 491520K
  class space    used 8213K, committed 8512K, reserved 425984K
}
Event: 32.995 GC heap after
{Heap after GC invocations=24 (full 0):
 garbage-first heap   total 99328K, used 56950K [0x0000000080000000, 0x0000000100000000)
  region size 1024K, 1 young (1024K), 1 survivors (1024K)
 Metaspace       used 58379K, committed 59008K, reserved 491520K
  class space    used 8213K, committed 8512K, reserved 425984K
}
Event: 33.387 GC heap before
{Heap before GC invocations=24 (full 0):
 garbage-first heap   total 99328K, used 79478K [0x0000000080000000, 0x0000000100000000)
  region size 1024K, 23 young (23552K), 1 survivors (1024K)
 Metaspace       used 60283K, committed 60992K, reserved 491520K
  class space    used 8509K, committed 8832K, reserved 425984K
}

Deoptimization events (20 events):
Event: 33.293 Thread 0x000002937a0b1bb0 Uncommon trap: trap_request=0xffffffc6 fr.pc=0x0000029365ddd1ec relative=0x00000000000007ec
Event: 33.293 Thread 0x000002937a0b1bb0 Uncommon trap: reason=bimorphic_or_optimized_type_check action=maybe_recompile pc=0x0000029365ddd1ec method=java.util.regex.Pattern$Start.match(Ljava/util/regex/Matcher;ILjava/lang/CharSequence;)Z @ 44 c2
Event: 33.293 Thread 0x000002937a0b1bb0 DEOPT PACKING pc=0x0000029365ddd1ec sp=0x000000d7b4cf1cb0
Event: 33.293 Thread 0x000002937a0b1bb0 DEOPT UNPACKING pc=0x0000029365625ba3 sp=0x000000d7b4cf1b98 mode 2
Event: 33.293 Thread 0x000002937a0b1bb0 Uncommon trap: trap_request=0xffffffc6 fr.pc=0x0000029365ddd1ec relative=0x00000000000007ec
Event: 33.293 Thread 0x000002937a0b1bb0 Uncommon trap: reason=bimorphic_or_optimized_type_check action=maybe_recompile pc=0x0000029365ddd1ec method=java.util.regex.Pattern$Start.match(Ljava/util/regex/Matcher;ILjava/lang/CharSequence;)Z @ 44 c2
Event: 33.293 Thread 0x000002937a0b1bb0 DEOPT PACKING pc=0x0000029365ddd1ec sp=0x000000d7b4cf1cb0
Event: 33.293 Thread 0x000002937a0b1bb0 DEOPT UNPACKING pc=0x0000029365625ba3 sp=0x000000d7b4cf1b98 mode 2
Event: 33.294 Thread 0x000002937a0b1bb0 Uncommon trap: trap_request=0xffffffc6 fr.pc=0x0000029365ddb448 relative=0x0000000000000768
Event: 33.294 Thread 0x000002937a0b1bb0 Uncommon trap: reason=bimorphic_or_optimized_type_check action=maybe_recompile pc=0x0000029365ddb448 method=java.util.regex.Pattern$Start.match(Ljava/util/regex/Matcher;ILjava/lang/CharSequence;)Z @ 44 c2
Event: 33.294 Thread 0x000002937a0b1bb0 DEOPT PACKING pc=0x0000029365ddb448 sp=0x000000d7b4cf1c30
Event: 33.294 Thread 0x000002937a0b1bb0 DEOPT UNPACKING pc=0x0000029365625ba3 sp=0x000000d7b4cf1b90 mode 2
Event: 33.294 Thread 0x000002937a0b1bb0 Uncommon trap: trap_request=0xffffffc6 fr.pc=0x0000029365dc5d7c relative=0x000000000000059c
Event: 33.294 Thread 0x000002937a0b1bb0 Uncommon trap: reason=bimorphic_or_optimized_type_check action=maybe_recompile pc=0x0000029365dc5d7c method=java.util.regex.Pattern$Start.match(Ljava/util/regex/Matcher;ILjava/lang/CharSequence;)Z @ 44 c2
Event: 33.294 Thread 0x000002937a0b1bb0 DEOPT PACKING pc=0x0000029365dc5d7c sp=0x000000d7b4cf1bc0
Event: 33.294 Thread 0x000002937a0b1bb0 DEOPT UNPACKING pc=0x0000029365625ba3 sp=0x000000d7b4cf1b90 mode 2
Event: 33.294 Thread 0x000002937a0b1bb0 Uncommon trap: trap_request=0xffffffc6 fr.pc=0x0000029365dbb3e4 relative=0x00000000000007e4
Event: 33.294 Thread 0x000002937a0b1bb0 Uncommon trap: reason=bimorphic_or_optimized_type_check action=maybe_recompile pc=0x0000029365dbb3e4 method=java.util.regex.Pattern$Start.match(Ljava/util/regex/Matcher;ILjava/lang/CharSequence;)Z @ 44 c2
Event: 33.294 Thread 0x000002937a0b1bb0 DEOPT PACKING pc=0x0000029365dbb3e4 sp=0x000000d7b4cf1c20
Event: 33.294 Thread 0x000002937a0b1bb0 DEOPT UNPACKING pc=0x0000029365625ba3 sp=0x000000d7b4cf1ba0 mode 2

Classes unloaded (0 events):
No events

Classes redefined (0 events):
No events

Internal exceptions (20 events):
Event: 28.430 Thread 0x000002937a0b1bb0 Exception <a 'java/lang/NoSuchMethodError'{0x0000000084c92bd8}: static Lorg/gradle/api/internal/catalog/VersionModel;.<clinit>()V> (0x0000000084c92bd8) 
thrown [s\open\src\hotspot\share\prims\jni.cpp, line 1112]
Event: 28.437 Thread 0x000002937a0b1bb0 Exception <a 'java/lang/NoSuchMethodError'{0x0000000084cad1c8}: 'void java.lang.invoke.DirectMethodHandle$Holder.invokeSpecial(java.lang.Object, java.lang.Object, java.lang.Object, int)'> (0x0000000084cad1c8) 
thrown [s\open\src\hotspot\share\interpreter\linkResolver.cpp, line 759]
Event: 31.579 Thread 0x000002937a0b1bb0 Implicit null exception at 0x0000029365d2bf0f to 0x0000029365d2c578
Event: 31.579 Thread 0x000002937a0b1bb0 Implicit null exception at 0x0000029365bf6294 to 0x0000029365bf6918
Event: 31.960 Thread 0x000002937a0b1bb0 Exception <a 'java/lang/NoSuchMethodError'{0x0000000084924000}: static Lorg/jetbrains/kotlin/gradle/plugin/internal/DefaultConfigurationTimePropertiesAccessorVariantFactory;.<clinit>()V> (0x0000000084924000) 
thrown [s\open\src\hotspot\share\prims\jni.cpp, line 1112]
Event: 31.962 Thread 0x000002937a0b1bb0 Exception <a 'java/lang/NoSuchMethodError'{0x0000000084948260}: static Lorg/jetbrains/kotlin/gradle/plugin/internal/DefaultProjectIsolationStartParameterAccessor$Factory;.<clinit>()V> (0x0000000084948260) 
thrown [s\open\src\hotspot\share\prims\jni.cpp, line 1112]
Event: 31.965 Thread 0x000002937a0b1bb0 Exception <a 'java/lang/NoSuchMethodError'{0x000000008496d3e8}: static Lorg/jetbrains/kotlin/gradle/plugin/internal/DefaultSourceSetCompatibilityHelperVariantFactory;.<clinit>()V> (0x000000008496d3e8) 
thrown [s\open\src\hotspot\share\prims\jni.cpp, line 1112]
Event: 31.971 Thread 0x000002937a0b1bb0 Exception <a 'java/lang/NoSuchMethodError'{0x00000000849a0d48}: static Lorg/jetbrains/kotlin/gradle/plugin/internal/DefaultArtifactTypeAttributeAccessorVariantFactory;.<clinit>()V> (0x00000000849a0d48) 
thrown [s\open\src\hotspot\share\prims\jni.cpp, line 1112]
Event: 31.975 Thread 0x000002937a0b1bb0 Exception <a 'java/lang/NoSuchMethodError'{0x00000000849d4190}: static Lorg/jetbrains/kotlin/gradle/plugin/internal/DefaultCompatibilityConventionRegistrar$Factory;.<clinit>()V> (0x00000000849d4190) 
thrown [s\open\src\hotspot\share\prims\jni.cpp, line 1112]
Event: 31.978 Thread 0x000002937a0b1bb0 Exception <a 'java/lang/NoSuchMethodError'{0x00000000849f9218}: static Lorg/jetbrains/kotlin/gradle/plugin/internal/DefaultJavaSourceSetsAccessorVariantFactory;.<clinit>()V> (0x00000000849f9218) 
thrown [s\open\src\hotspot\share\prims\jni.cpp, line 1112]
Event: 31.983 Thread 0x000002937a0b1bb0 Exception <a 'java/lang/NoSuchMethodError'{0x000000008481da78}: static Lorg/jetbrains/kotlin/gradle/plugin/internal/DefaultIdeaSyncDetectorVariantFactory;.<clinit>()V> (0x000000008481da78) 
thrown [s\open\src\hotspot\share\prims\jni.cpp, line 1112]
Event: 31.989 Thread 0x000002937a0b1bb0 Exception <a 'java/lang/NoSuchMethodError'{0x0000000084846410}: static Lorg/jetbrains/kotlin/gradle/plugin/internal/DefaultKotlinTestReportCompatibilityHelperVariantFactory;.<clinit>()V> (0x0000000084846410) 
thrown [s\open\src\hotspot\share\prims\jni.cpp, line 1112]
Event: 31.992 Thread 0x000002937a0b1bb0 Exception <a 'java/lang/NoSuchMethodError'{0x000000008486b8a8}: static Lorg/jetbrains/kotlin/gradle/plugin/internal/DefaultMppTestReportHelperVariantFactory;.<clinit>()V> (0x000000008486b8a8) 
thrown [s\open\src\hotspot\share\prims\jni.cpp, line 1112]
Event: 31.993 Thread 0x000002937a0b1bb0 Exception <a 'java/lang/NoSuchMethodError'{0x000000008488fbb0}: static Lorg/jetbrains/kotlin/gradle/plugin/internal/DefaultConfigurationCacheStartParameterAccessorVariantFactory;.<clinit>()V> (0x000000008488fbb0) 
thrown [s\open\src\hotspot\share\prims\jni.cpp, line 1112]
Event: 31.997 Thread 0x000002937a0b1bb0 Exception <a 'java/lang/NoSuchMethodError'{0x00000000848b55c8}: static Lorg/jetbrains/kotlin/gradle/plugin/internal/MavenPluginConfigurator$DefaultMavenPluginConfiguratorVariantFactory;.<clinit>()V> (0x00000000848b55c8) 
thrown [s\open\src\hotspot\share\prims\jni.cpp, line 1112]
Event: 31.999 Thread 0x000002937a0b1bb0 Exception <a 'java/lang/NoSuchMethodError'{0x00000000848d9c70}: static Lorg/jetbrains/kotlin/gradle/targets/js/nodejs/DefaultUnameExecutorVariantFactory;.<clinit>()V> (0x00000000848d9c70) 
thrown [s\open\src\hotspot\share\prims\jni.cpp, line 1112]
Event: 32.001 Thread 0x000002937a0b1bb0 Exception <a 'java/lang/NoSuchMethodError'{0x00000000848fea88}: static Lorg/jetbrains/kotlin/gradle/plugin/internal/DefaultBasePluginConfigurationVariantFactory;.<clinit>()V> (0x00000000848fea88) 
thrown [s\open\src\hotspot\share\prims\jni.cpp, line 1112]
Event: 32.002 Thread 0x000002937a0b1bb0 Exception <a 'java/lang/NoSuchMethodError'{0x0000000084724170}: static Lorg/jetbrains/kotlin/gradle/plugin/internal/DefaultAttributeConfigurationHelperVariantFactory;.<clinit>()V> (0x0000000084724170) 
thrown [s\open\src\hotspot\share\prims\jni.cpp, line 1112]
Event: 32.135 Thread 0x000002937a0b1bb0 Exception <a 'java/lang/IncompatibleClassChangeError'{0x0000000083f9d470}: Found class java.lang.Object, but interface was expected> (0x0000000083f9d470) 
thrown [s\open\src\hotspot\share\interpreter\linkResolver.cpp, line 826]
Event: 33.357 Thread 0x000002937a0b1bb0 Exception <a 'java/lang/NoSuchMethodError'{0x0000000084a0fc10}: 'void java.lang.invoke.DirectMethodHandle$Holder.invokeVirtual(java.lang.Object, java.lang.Object)'> (0x0000000084a0fc10) 
thrown [s\open\src\hotspot\share\interpreter\linkResolver.cpp, line 759]

VM Operations (20 events):
Event: 31.783 Executing VM operation: Cleanup done
Event: 31.795 Executing VM operation: HandshakeAllThreads
Event: 31.795 Executing VM operation: HandshakeAllThreads done
Event: 32.225 Executing VM operation: G1CollectForAllocation
Event: 32.231 Executing VM operation: G1CollectForAllocation done
Event: 32.255 Executing VM operation: G1CollectForAllocation
Event: 32.259 Executing VM operation: G1CollectForAllocation done
Event: 32.577 Executing VM operation: G1CollectForAllocation
Event: 32.580 Executing VM operation: G1CollectForAllocation done
Event: 32.633 Executing VM operation: G1Concurrent
Event: 32.643 Executing VM operation: G1Concurrent done
Event: 32.662 Executing VM operation: G1Concurrent
Event: 32.663 Executing VM operation: G1Concurrent done
Event: 32.963 Executing VM operation: G1CollectForAllocation
Event: 32.969 Executing VM operation: G1CollectForAllocation done
Event: 32.990 Executing VM operation: G1CollectForAllocation
Event: 32.995 Executing VM operation: G1CollectForAllocation done
Event: 33.272 Executing VM operation: HandshakeAllThreads
Event: 33.272 Executing VM operation: HandshakeAllThreads done
Event: 33.387 Executing VM operation: G1CollectForAllocation

Events (20 events):
Event: 33.262 loading class javax/xml/parsers/FactoryFinder$1
Event: 33.262 loading class javax/xml/parsers/FactoryFinder$1 done
Event: 33.263 loading class com/sun/org/apache/xerces/internal/jaxp/DocumentBuilderFactoryImpl
Event: 33.264 loading class com/sun/org/apache/xerces/internal/jaxp/DocumentBuilderFactoryImpl done
Event: 33.264 loading class com/sun/org/apache/xerces/internal/utils/XMLSecurityManager
Event: 33.264 loading class com/sun/org/apache/xerces/internal/utils/XMLSecurityManager done
Event: 33.264 loading class com/sun/org/apache/xerces/internal/utils/XMLSecurityManager$Limit
Event: 33.265 loading class com/sun/org/apache/xerces/internal/utils/XMLSecurityManager$Limit done
Event: 33.265 loading class com/sun/org/apache/xerces/internal/utils/XMLSecurityManager$NameMap
Event: 33.265 loading class com/sun/org/apache/xerces/internal/utils/XMLSecurityManager$NameMap done
Event: 33.265 loading class com/sun/org/apache/xerces/internal/utils/XMLSecurityPropertyManager
Event: 33.266 loading class com/sun/org/apache/xerces/internal/utils/XMLSecurityPropertyManager done
Event: 33.266 loading class com/sun/org/apache/xerces/internal/utils/XMLSecurityPropertyManager$State
Event: 33.266 loading class com/sun/org/apache/xerces/internal/utils/XMLSecurityPropertyManager$State done
Event: 33.266 loading class com/sun/org/apache/xerces/internal/utils/XMLSecurityPropertyManager$Property
Event: 33.266 loading class com/sun/org/apache/xerces/internal/utils/XMLSecurityPropertyManager$Property done
Event: 33.292 loading class java/util/regex/Pattern$SliceI
Event: 33.292 loading class java/util/regex/Pattern$SliceI done
Event: 33.324 Thread 0x000002937de09800 Thread added: 0x000002937de09800
Event: 33.348 Thread 0x000002937d8ab050 Thread added: 0x000002937d8ab050


Dynamic libraries:
0x00007ff69b260000 - 0x00007ff69b270000 	C:\Program Files\Java\jdk-17\bin\java.exe
0x00007ffab5fa0000 - 0x00007ffab6208000 	C:\WINDOWS\SYSTEM32\ntdll.dll
0x00007ffa81a30000 - 0x00007ffa81a50000 	C:\Program Files\Avast Software\Avast\aswhook.dll
0x00007ffab53b0000 - 0x00007ffab5479000 	C:\WINDOWS\System32\KERNEL32.DLL
0x00007ffab3760000 - 0x00007ffab3b52000 	C:\WINDOWS\System32\KERNELBASE.dll
0x00007ffab3b60000 - 0x00007ffab3cab000 	C:\WINDOWS\System32\ucrtbase.dll
0x00007ffaa2ac0000 - 0x00007ffaa2ad9000 	C:\Program Files\Java\jdk-17\bin\jli.dll
0x00007ffaadff0000 - 0x00007ffaae00b000 	C:\Program Files\Java\jdk-17\bin\VCRUNTIME140.dll
0x00007ffab5da0000 - 0x00007ffab5e54000 	C:\WINDOWS\System32\ADVAPI32.dll
0x00007ffab5480000 - 0x00007ffab5529000 	C:\WINDOWS\System32\msvcrt.dll
0x00007ffab4b70000 - 0x00007ffab4c16000 	C:\WINDOWS\System32\sechost.dll
0x00007ffab5720000 - 0x00007ffab5838000 	C:\WINDOWS\System32\RPCRT4.dll
0x00007ffab5a30000 - 0x00007ffab5bf5000 	C:\WINDOWS\System32\USER32.dll
0x00007ffab3440000 - 0x00007ffab3467000 	C:\WINDOWS\System32\win32u.dll
0x00007ffab4b40000 - 0x00007ffab4b6b000 	C:\WINDOWS\System32\GDI32.dll
0x00007ffa91ba0000 - 0x00007ffa91e33000 	C:\WINDOWS\WinSxS\amd64_microsoft.windows.common-controls_6595b64144ccf1df_6.0.26100.6725_none_3e085828e334708b\COMCTL32.dll
0x00007ffab31c0000 - 0x00007ffab32ed000 	C:\WINDOWS\System32\gdi32full.dll
0x00007ffab32f0000 - 0x00007ffab3393000 	C:\WINDOWS\System32\msvcp_win.dll
0x00007ffaac830000 - 0x00007ffaac83b000 	C:\WINDOWS\SYSTEM32\VERSION.dll
0x00007ffab4b00000 - 0x00007ffab4b2f000 	C:\WINDOWS\System32\IMM32.DLL
0x00007ffaac0a0000 - 0x00007ffaac0ac000 	C:\Program Files\Java\jdk-17\bin\vcruntime140_1.dll
0x00007ffa6a0e0000 - 0x00007ffa6a16e000 	C:\Program Files\Java\jdk-17\bin\msvcp140.dll
0x00007ffa522a0000 - 0x00007ffa52e80000 	C:\Program Files\Java\jdk-17\bin\server\jvm.dll
0x00007ffab5840000 - 0x00007ffab5848000 	C:\WINDOWS\System32\PSAPI.DLL
0x00007ffa9f6e0000 - 0x00007ffa9f715000 	C:\WINDOWS\SYSTEM32\WINMM.dll
0x00007ffa9c2b0000 - 0x00007ffa9c2ba000 	C:\WINDOWS\SYSTEM32\WSOCK32.dll
0x00007ffab3d90000 - 0x00007ffab3e04000 	C:\WINDOWS\System32\WS2_32.dll
0x00007ffab1ec0000 - 0x00007ffab1edb000 	C:\WINDOWS\SYSTEM32\kernel.appcore.dll
0x00007ffaa3530000 - 0x00007ffaa353a000 	C:\Program Files\Java\jdk-17\bin\jimage.dll
0x00007ffab0540000 - 0x00007ffab0782000 	C:\WINDOWS\SYSTEM32\DBGHELP.DLL
0x00007ffab5010000 - 0x00007ffab538b000 	C:\WINDOWS\System32\combase.dll
0x00007ffab4c70000 - 0x00007ffab4d47000 	C:\WINDOWS\System32\OLEAUT32.dll
0x00007ffaa5f00000 - 0x00007ffaa5f3c000 	C:\WINDOWS\SYSTEM32\dbgcore.DLL
0x00007ffab33a0000 - 0x00007ffab3438000 	C:\WINDOWS\System32\bcryptPrimitives.dll
0x00007ffa9d990000 - 0x00007ffa9d99e000 	C:\Program Files\Java\jdk-17\bin\instrument.dll
0x00007ffa9cf20000 - 0x00007ffa9cf45000 	C:\Program Files\Java\jdk-17\bin\java.dll
0x00007ffa536a0000 - 0x00007ffa53777000 	C:\Program Files\Java\jdk-17\bin\jsvml.dll
0x00007ffab43b0000 - 0x00007ffab4afc000 	C:\WINDOWS\System32\SHELL32.dll
0x00007ffab35f0000 - 0x00007ffab375b000 	C:\WINDOWS\System32\wintypes.dll
0x00007ffab0d60000 - 0x00007ffab15bd000 	C:\WINDOWS\SYSTEM32\windows.storage.dll
0x00007ffab3e10000 - 0x00007ffab3f02000 	C:\WINDOWS\System32\SHCORE.dll
0x00007ffab4eb0000 - 0x00007ffab4f12000 	C:\WINDOWS\System32\shlwapi.dll
0x00007ffab3050000 - 0x00007ffab3079000 	C:\WINDOWS\SYSTEM32\profapi.dll
0x00007ffa9cf00000 - 0x00007ffa9cf18000 	C:\Program Files\Java\jdk-17\bin\zip.dll
0x00007ffaa12e0000 - 0x00007ffaa12f9000 	C:\Program Files\Java\jdk-17\bin\net.dll
0x00007ffaac640000 - 0x00007ffaac75f000 	C:\WINDOWS\SYSTEM32\WINHTTP.dll
0x00007ffab2410000 - 0x00007ffab247b000 	C:\WINDOWS\system32\mswsock.dll
0x00007ffa9d3c0000 - 0x00007ffa9d3d6000 	C:\Program Files\Java\jdk-17\bin\nio.dll
0x00007ffa9e2b0000 - 0x00007ffa9e2c0000 	C:\Program Files\Java\jdk-17\bin\verify.dll
0x00007ffa9c8d0000 - 0x00007ffa9c8f7000 	C:\Users\DELL\.gradle\native\1def1411415f61bf3af743bc5b6707747c0891f09f0c88961ee8f79bc544acac\windows-amd64\native-platform.dll
0x00007ffa6a230000 - 0x00007ffa6a2a8000 	C:\Users\DELL\.gradle\native\0.2.7\x86_64-windows-gnu\gradle-fileevents.dll
0x00007ffaa2b20000 - 0x00007ffaa2b2a000 	C:\Program Files\Java\jdk-17\bin\management.dll
0x00007ffa9e990000 - 0x00007ffa9e99b000 	C:\Program Files\Java\jdk-17\bin\management_ext.dll
0x00007ffab1970000 - 0x00007ffab19a4000 	C:\WINDOWS\SYSTEM32\IPHLPAPI.DLL
0x00007ffab5390000 - 0x00007ffab539a000 	C:\WINDOWS\System32\NSI.dll
0x00007ffaacf00000 - 0x00007ffaacf1e000 	C:\WINDOWS\SYSTEM32\dhcpcsvc6.DLL
0x00007ffaac840000 - 0x00007ffaac863000 	C:\WINDOWS\SYSTEM32\dhcpcsvc.DLL
0x00007ffab19b0000 - 0x00007ffab1ad6000 	C:\WINDOWS\SYSTEM32\DNSAPI.dll
0x00007ffab27f0000 - 0x00007ffab280b000 	C:\WINDOWS\SYSTEM32\CRYPTSP.dll
0x00007ffab1e20000 - 0x00007ffab1e5b000 	C:\WINDOWS\system32\rsaenh.dll
0x00007ffab24b0000 - 0x00007ffab24db000 	C:\WINDOWS\SYSTEM32\USERENV.dll
0x00007ffab3020000 - 0x00007ffab3046000 	C:\WINDOWS\SYSTEM32\bcrypt.dll
0x00007ffab2650000 - 0x00007ffab265c000 	C:\WINDOWS\SYSTEM32\CRYPTBASE.dll
0x00007ffa9e150000 - 0x00007ffa9e15e000 	C:\Program Files\Java\jdk-17\bin\sunmscapi.dll
0x00007ffab3470000 - 0x00007ffab35e7000 	C:\WINDOWS\System32\CRYPT32.dll
0x00007ffab2940000 - 0x00007ffab2970000 	C:\WINDOWS\SYSTEM32\ncrypt.dll
0x00007ffab28f0000 - 0x00007ffab292f000 	C:\WINDOWS\SYSTEM32\NTASN1.dll
0x00007ffa9d7b0000 - 0x00007ffa9d7b8000 	C:\WINDOWS\system32\wshunix.dll

dbghelp: loaded successfully - version: 4.0.5 - missing functions: none
symbol engine: initialized successfully - sym options: 0x614 - pdb path: .;C:\Program Files\Java\jdk-17\bin;C:\WINDOWS\SYSTEM32;C:\Program Files\Avast Software\Avast;C:\WINDOWS\WinSxS\amd64_microsoft.windows.common-controls_6595b64144ccf1df_6.0.26100.6725_none_3e085828e334708b;C:\Program Files\Java\jdk-17\bin\server;C:\Users\DELL\.gradle\native\1def1411415f61bf3af743bc5b6707747c0891f09f0c88961ee8f79bc544acac\windows-amd64;C:\Users\DELL\.gradle\native\0.2.7\x86_64-windows-gnu

VM Arguments:
jvm_args: --add-opens=java.base/java.lang=ALL-UNNAMED --add-opens=java.base/java.lang.invoke=ALL-UNNAMED --add-opens=java.base/java.util=ALL-UNNAMED --add-opens=java.prefs/java.util.prefs=ALL-UNNAMED --add-exports=jdk.compiler/com.sun.tools.javac.api=ALL-UNNAMED --add-exports=jdk.compiler/com.sun.tools.javac.util=ALL-UNNAMED --add-opens=java.base/java.util=ALL-UNNAMED --add-opens=java.prefs/java.util.prefs=ALL-UNNAMED --add-opens=java.base/java.nio.charset=ALL-UNNAMED --add-opens=java.base/java.net=ALL-UNNAMED --add-opens=java.base/java.util.concurrent.atomic=ALL-UNNAMED --add-opens=java.xml/javax.xml.namespace=ALL-UNNAMED -XX:MaxMetaspaceSize=512m -Xmx2048m -Dfile.encoding=windows-1252 -Duser.country=IN -Duser.language=en -Duser.variant -javaagent:C:\Users\DELL\.gradle\wrapper\dists\gradle-8.13-bin\5xuhj0ry160q40clulazy9h7d\gradle-8.13\lib\agents\gradle-instrumentation-agent-8.13.jar 
java_command: org.gradle.launcher.daemon.bootstrap.GradleDaemon 8.13
java_class_path (initial): C:\Users\DELL\.gradle\wrapper\dists\gradle-8.13-bin\5xuhj0ry160q40clulazy9h7d\gradle-8.13\lib\gradle-daemon-main-8.13.jar
Launcher Type: SUN_STANDARD

[Global flags]
     intx CICompilerCount                          = 4                                         {product} {ergonomic}
   size_t CompressedClassSpaceSize                 = 436207616                                 {product} {ergonomic}
     uint ConcGCThreads                            = 2                                         {product} {ergonomic}
     uint G1ConcRefinementThreads                  = 8                                         {product} {ergonomic}
   size_t G1HeapRegionSize                         = 1048576                                   {product} {ergonomic}
    uintx GCDrainStackTargetSize                   = 64                                        {product} {ergonomic}
   size_t InitialHeapSize                          = 132120576                                 {product} {ergonomic}
   size_t MarkStackSize                            = 4194304                                   {product} {ergonomic}
   size_t MaxHeapSize                              = 2147483648                                {product} {command line}
   size_t MaxMetaspaceSize                         = 536870912                                 {product} {command line}
   size_t MaxNewSize                               = 1287651328                                {product} {ergonomic}
   size_t MinHeapDeltaBytes                        = 1048576                                   {product} {ergonomic}
   size_t MinHeapSize                              = 8388608                                   {product} {ergonomic}
    uintx NonNMethodCodeHeapSize                   = 5839372                                {pd product} {ergonomic}
    uintx NonProfiledCodeHeapSize                  = 122909434                              {pd product} {ergonomic}
    uintx ProfiledCodeHeapSize                     = 122909434                              {pd product} {ergonomic}
    uintx ReservedCodeCacheSize                    = 251658240                              {pd product} {ergonomic}
     bool SegmentedCodeCache                       = true                                      {product} {ergonomic}
   size_t SoftMaxHeapSize                          = 2147483648                             {manageable} {ergonomic}
     bool UseCompressedClassPointers               = true                           {product lp64_product} {ergonomic}
     bool UseCompressedOops                        = true                           {product lp64_product} {ergonomic}
     bool UseG1GC                                  = true                                      {product} {ergonomic}
     bool UseLargePagesIndividualAllocation        = false                                  {pd product} {ergonomic}

Logging:
Log output configuration:
 #0: stdout all=warning uptime,level,tags
 #1: stderr all=off uptime,level,tags

Environment Variables:
JAVA_HOME=C:\Program Files\Java\jdk-17
CLASSPATH=F:\VP_School\VPSCHOOL\android\\gradle\wrapper\gradle-wrapper.jar
PATH=F:\VP_School\VPSCHOOL\node_modules\.bin;F:\VP_School\VPSCHOOL\node_modules\.bin;F:\VP_School\node_modules\.bin;F:\node_modules\.bin;C:\Users\DELL\AppData\Roaming\npm\node_modules\npm\node_modules\@npmcli\run-script\lib\node-gyp-bin;C:\Program Files\Common Files\Oracle\Java\javapath;C:\WINDOWS\system32;C:\WINDOWS;C:\WINDOWS\System32\Wbem;C:\WINDOWS\System32\WindowsPowerShell\v1.0\;C:\WINDOWS\System32\OpenSSH\;C:\ProgramData\chocolatey\bin;C:\Program Files\MySQL\MySQL Server 8.0\bin;C:\Program Files\Git\cmd;C:\Users\DELL\AppData\Local\Android\Sdk\emulator;C:\Users\DELL\AppData\Local\Android\Sdk\platform-tools;C:\Users\DELL\AppData\Local\Android\Sdk\tools\bin;C:\Users\DELL\AppData\Local\Android\Sdk\tools;%JAVA_HOME%\bin;C:\Users\DELL\AppData\Local\Programs\Python\Python311;C:\Program Files\Java\jdk-17\bin;%LOCALAPPDATA%\Android\Sdk\platform-tools;F:\Xampp\php;F:\Xampp\mysql\bin;F:\Xampp\mysql;C:\Users\DELL\AppData\Local\nvm;C:\nvm4w\nodejs;C:\Users\DELL\AppData\Local\nvm;C:\Users\DELL\AppData\Roaming\nvm;C:\Program Files\MySQL\MySQL Shell 8.0\bin\;C:\Users\DELL\AppData\Local\Programs\Python\Python311\Scripts\;C:\Users\DELL\AppData\Local\Programs\Python\Python311\;C:\Program Files\Common Files\Oracle\Java\javapath;C:\WINDOWS\system32;C:\WINDOWS;C:\WINDOWS\System32\Wbem;C:\WINDOWS\System32\WindowsPowerShell\v1.0\;C:\WINDOWS\System32\OpenSSH\;C:\ProgramData\chocolatey\bin;C:\Program Files\MySQL\MySQL Server 8.0\bin;C:\Program Files\Git\cmd;C:\Users\DELL\AppData\Local\Android\Sdk\emulator;C:\Users\DELL\AppData\Local\Android\Sdk\platform-tools;C:\Users\DELL\AppData\Local\Android\Sdk\tools\bin;C:\Users\DELL\AppData\Local\Android\Sdk\tools;%JAVA_HOME%\bin;C:\Users\DELL\AppData\Local\Programs\Python\Python311;C:\Program Files\Java\jdk-17\bin;%LOCALAPPDATA%\Android\Sdk\platform-tools;F:\Xampp\php;F:\Xampp\mysql\bin;F:\Xampp\mysql;C:\Users\DELL\AppData\Local\nvm;C:\nvm4w\nodejs;C:\Users\DELL\AppData\Local\nvm;C:\Users\DELL\AppData\Roaming\nvm;;C:\Program Files\Java\jdk-17\bin;
USERNAME=DELL
LANG=en_US.UTF-8
OS=Windows_NT
PROCESSOR_IDENTIFIER=Intel64 Family 6 Model 126 Stepping 5, GenuineIntel



---------------  S Y S T E M  ---------------

OS:
 Windows 11 , 64 bit Build 26100 (10.0.26100.6725)
OS uptime: 2 days 2:27 hours
Hyper-V role detected

CPU: total 8 (initial active 8) (4 cores per cpu, 2 threads per core) family 6 model 126 stepping 5 microcode 0xc2, cx8, cmov, fxsr, ht, mmx, 3dnowpref, sse, sse2, sse3, ssse3, sse4.1, sse4.2, popcnt, lzcnt, tsc, tscinvbit, avx, avx2, aes, erms, clmul, bmi1, bmi2, adx, avx512f, avx512dq, avx512cd, avx512bw, avx512vl, sha, fma, vzeroupper, avx512_vpopcntdq, avx512_vpclmulqdq, avx512_vaes, avx512_vnni, clflush, clflushopt, avx512_vbmi2, avx512_vbmi, hv

Memory: 4k page, system-wide physical 7959M (552M free)
TotalPageFile size 32535M (AvailPageFile size 25M)
current process WorkingSet (physical memory assigned to process): 292M, peak: 292M
current process commit charge ("private bytes"): 330M, peak: 359M

vm_info: Java HotSpot(TM) 64-Bit Server VM (17.0.11+7-LTS-207) for windows-amd64 JRE (17.0.11+7-LTS-207), built on Mar 11 2024 19:01:50 by "mach5one" with MS VC++ 17.6 (VS2022)

END.
